<?xml version="1.0" encoding="UTF-8"?>
<!-- Generated by org.testng.reporters.JUnitXMLReporter -->
<testsuite ignored="1" hostname="LAPTOP-VTHU0IBU" failures="0" tests="1" name="ErrorValidationsPage" time="25.777" errors="0" timestamp="2024-02-14T15:56:39 IST">
  <testcase classname="frameworkpackage.ErrorValidation" name="ErrorCheck" time="4.242"/>
  <testcase classname="frameworkpackage.ErrorValidation" name="PositiveFlow" time="0.0">
    <ignored/>
  </testcase> <!-- PositiveFlow -->
</testsuite> <!-- ErrorValidationsPage -->
