<?xml version="1.0" encoding="UTF-8"?>
<testng-results ignored="0" total="1" passed="1" failed="0" skipped="0">
  <reporter-output>
  </reporter-output>
  <suite started-at="2024-02-14T15:56:13 IST" name="Suite" finished-at="2024-02-14T15:56:40 IST" duration-ms="26277">
    <groups>
      <group name="Smoke">
        <method signature="ErrorValidation.ErrorCheck()[pri:0, instance:frameworkpackage.ErrorValidation@7dda48d9]" name="ErrorCheck" class="frameworkpackage.ErrorValidation"/>
      </group> <!-- Smoke -->
    </groups>
    <test started-at="2024-02-14T15:56:13 IST" name="ErrorValidationsPage" finished-at="2024-02-14T15:56:39 IST" duration-ms="25777">
      <class name="frameworkpackage.ErrorValidation">
        <test-method is-config="true" signature="Configuration()[pri:0, instance:frameworkpackage.ErrorValidation@7dda48d9]" started-at="2024-02-14T15:56:13 IST" name="Configuration" finished-at="2024-02-14T15:56:34 IST" duration-ms="20756" status="PASS">
          <reporter-output>
          </reporter-output>
        </test-method> <!-- Configuration -->
        <test-method is-config="true" signature="preSetup()[pri:0, instance:frameworkpackage.ErrorValidation@7dda48d9]" started-at="2024-02-14T15:56:34 IST" name="preSetup" finished-at="2024-02-14T15:56:34 IST" duration-ms="220" status="PASS">
          <reporter-output>
          </reporter-output>
        </test-method> <!-- preSetup -->
        <test-method signature="ErrorCheck()[pri:0, instance:frameworkpackage.ErrorValidation@7dda48d9]" started-at="2024-02-14T15:56:34 IST" name="ErrorCheck" finished-at="2024-02-14T15:56:39 IST" duration-ms="4242" status="PASS">
          <reporter-output>
          </reporter-output>
        </test-method> <!-- ErrorCheck -->
        <test-method is-config="true" signature="tearDown()[pri:0, instance:frameworkpackage.ErrorValidation@7dda48d9]" started-at="2024-02-14T15:56:39 IST" name="tearDown" finished-at="2024-02-14T15:56:39 IST" duration-ms="497" status="PASS">
          <reporter-output>
          </reporter-output>
        </test-method> <!-- tearDown -->
      </class> <!-- frameworkpackage.ErrorValidation -->
    </test> <!-- ErrorValidationsPage -->
    <test started-at="2024-02-14T15:56:40 IST" name="MainPage" finished-at="2024-02-14T15:56:40 IST" duration-ms="2">
    </test> <!-- MainPage -->
  </suite> <!-- Suite -->
</testng-results>
